app/build/intermediates/manifest_merge_blame_file/debug/manifest-merger-blame-debug-report.txt
1<?xml version="1.0" encoding="utf-8"?>
2<!-- suppress ALL -->
3<manifest xmlns:android="http://schemas.android.com/apk/res/android"
4    package="io.github.project_travel_mate"
5    android:versionCode="49"
6    android:versionName="5.6.2" >
7
8    <uses-sdk
9        android:minSdkVersion="22"
9-->src/main/AndroidManifest.xml
10        android:targetSdkVersion="28" />
10-->src/main/AndroidManifest.xml
11
12    <uses-feature android:name="android.hardware.camera" />
12-->src/main/AndroidManifest.xml:6:5-60
12-->src/main/AndroidManifest.xml:6:19-57
13    <uses-feature
13-->src/main/AndroidManifest.xml:7:5-9:36
14        android:name="android.hardware.camera.autofocus"
14-->src/main/AndroidManifest.xml:8:9-57
15        android:required="false" />
15-->src/main/AndroidManifest.xml:9:9-33
16
17    <uses-permission android:name="android.permission.CAMERA" />
17-->src/main/AndroidManifest.xml:11:5-65
17-->src/main/AndroidManifest.xml:11:22-62
18    <uses-permission android:name="android.permission.WRITE_EXTERNAL_STORAGE" />
18-->src/main/AndroidManifest.xml:12:5-81
18-->src/main/AndroidManifest.xml:12:22-78
19    <uses-permission android:name="android.permission.BLUETOOTH" />
19-->src/main/AndroidManifest.xml:13:5-68
19-->src/main/AndroidManifest.xml:13:22-65
20    <uses-permission android:name="android.permission.WRITE_CONTACTS" />
20-->src/main/AndroidManifest.xml:14:5-73
20-->src/main/AndroidManifest.xml:14:22-70
21    <uses-permission android:name="android.permission.BLUETOOTH_ADMIN" />
21-->src/main/AndroidManifest.xml:15:5-74
21-->src/main/AndroidManifest.xml:15:22-71
22    <uses-permission android:name="android.permission.READ_PHONE_STATE" />
22-->src/main/AndroidManifest.xml:16:5-75
22-->src/main/AndroidManifest.xml:16:22-72
23    <uses-permission android:name="android.permission.WAKE_LOCK" />
23-->src/main/AndroidManifest.xml:17:5-68
23-->src/main/AndroidManifest.xml:17:22-65
24    <uses-permission android:name="android.permission.READ_EXTERNAL_STORAGE" />
24-->src/main/AndroidManifest.xml:18:5-80
24-->src/main/AndroidManifest.xml:18:22-77
25    <uses-permission android:name="android.permission.INTERNET" />
25-->src/main/AndroidManifest.xml:19:5-67
25-->src/main/AndroidManifest.xml:19:22-64
26    <uses-permission android:name="android.permission.ACCESS_NETWORK_STATE" />
26-->src/main/AndroidManifest.xml:20:5-79
26-->src/main/AndroidManifest.xml:20:22-76
27    <uses-permission android:name="android.permission.READ_CONTACTS" />
27-->src/main/AndroidManifest.xml:21:5-72
27-->src/main/AndroidManifest.xml:21:22-69
28    <uses-permission android:name="android.permission.READ_PROFILE" />
28-->src/main/AndroidManifest.xml:22:5-71
28-->src/main/AndroidManifest.xml:22:22-68
29    <uses-permission android:name="android.permission.ACCESS_COARSE_LOCATION" />
29-->src/main/AndroidManifest.xml:23:5-81
29-->src/main/AndroidManifest.xml:23:22-78
30    <uses-permission android:name="android.permission.ACCESS_FINE_LOCATION" />
30-->src/main/AndroidManifest.xml:24:5-79
30-->src/main/AndroidManifest.xml:24:22-76
31    <uses-permission android:name="android.permission.VIBRATE" />
31-->src/main/AndroidManifest.xml:25:5-66
31-->src/main/AndroidManifest.xml:25:22-63
32
33    <uses-feature
33-->[com.journeyapps:zxing-android-embedded:3.4.0] AndroidManifest.xml:27:5-29:36
34        android:name="android.hardware.camera.front"
34-->[com.journeyapps:zxing-android-embedded:3.4.0] AndroidManifest.xml:28:9-53
35        android:required="false" />
35-->[com.journeyapps:zxing-android-embedded:3.4.0] AndroidManifest.xml:29:9-33
36    <uses-feature
36-->[com.journeyapps:zxing-android-embedded:3.4.0] AndroidManifest.xml:35:5-37:36
37        android:name="android.hardware.camera.flash"
37-->[com.journeyapps:zxing-android-embedded:3.4.0] AndroidManifest.xml:36:9-53
38        android:required="false" />
38-->[com.journeyapps:zxing-android-embedded:3.4.0] AndroidManifest.xml:37:9-33
39    <uses-feature
39-->[com.journeyapps:zxing-android-embedded:3.4.0] AndroidManifest.xml:38:5-40:36
40        android:name="android.hardware.screen.landscape"
40-->[com.journeyapps:zxing-android-embedded:3.4.0] AndroidManifest.xml:39:9-57
41        android:required="false" />
41-->[com.journeyapps:zxing-android-embedded:3.4.0] AndroidManifest.xml:40:9-33
42    <uses-feature
42-->[com.journeyapps:zxing-android-embedded:3.4.0] AndroidManifest.xml:41:5-43:36
43        android:name="android.hardware.wifi"
43-->[com.journeyapps:zxing-android-embedded:3.4.0] AndroidManifest.xml:42:9-45
44        android:required="false" />
44-->[com.journeyapps:zxing-android-embedded:3.4.0] AndroidManifest.xml:43:9-33
45
46    <supports-screens
46-->[org.osmdroid:osmdroid-android:6.0.2] AndroidManifest.xml:11:5-14:40
47        android:anyDensity="true"
47-->[org.osmdroid:osmdroid-android:6.0.2] AndroidManifest.xml:12:9-34
48        android:largeScreens="true"
48-->[org.osmdroid:osmdroid-android:6.0.2] AndroidManifest.xml:13:9-36
49        android:normalScreens="true" />
49-->[org.osmdroid:osmdroid-android:6.0.2] AndroidManifest.xml:14:9-37
50
51    <uses-feature
51-->[org.osmdroid:osmdroid-android:6.0.2] AndroidManifest.xml:16:5-18:36
52        android:name="android.hardware.location.network"
52-->[org.osmdroid:osmdroid-android:6.0.2] AndroidManifest.xml:17:9-57
53        android:required="false" />
53-->[org.osmdroid:osmdroid-android:6.0.2] AndroidManifest.xml:18:9-33
54    <uses-feature
54-->[org.osmdroid:osmdroid-android:6.0.2] AndroidManifest.xml:19:5-21:36
55        android:name="android.hardware.location.gps"
55-->[org.osmdroid:osmdroid-android:6.0.2] AndroidManifest.xml:20:9-53
56        android:required="false" />
56-->[org.osmdroid:osmdroid-android:6.0.2] AndroidManifest.xml:21:9-33
57    <uses-feature
57-->[org.osmdroid:osmdroid-android:6.0.2] AndroidManifest.xml:22:5-24:36
58        android:name="android.hardware.telephony"
58-->[org.osmdroid:osmdroid-android:6.0.2] AndroidManifest.xml:23:9-50
59        android:required="false" />
59-->[org.osmdroid:osmdroid-android:6.0.2] AndroidManifest.xml:24:9-33
60
61    <uses-permission android:name="android.permission.RECEIVE_BOOT_COMPLETED" />
61-->[com.evernote:android-job:1.2.1] AndroidManifest.xml:14:5-81
61-->[com.evernote:android-job:1.2.1] AndroidManifest.xml:14:22-78
62
63    <application
63-->src/main/AndroidManifest.xml:27:5-205:19
64        android:name="io.github.project_travel_mate.TravelMateApplication"
64-->src/main/AndroidManifest.xml:28:9-46
65        android:allowBackup="true"
65-->src/main/AndroidManifest.xml:29:9-35
66        android:appComponentFactory="android.support.v4.app.CoreComponentFactory"
66-->[com.android.support:support-compat:28.0.0] AndroidManifest.xml:22:18-91
67        android:debuggable="true"
68        android:fullBackupContent="@xml/backup_descriptor"
68-->src/main/AndroidManifest.xml:30:9-59
69        android:icon="@drawable/google_travel_logo"
69-->src/main/AndroidManifest.xml:31:9-52
70        android:label="@string/app_name"
70-->src/main/AndroidManifest.xml:32:9-41
71        android:largeHeap="true"
71-->src/main/AndroidManifest.xml:33:9-33
72        android:screenOrientation="portrait"
72-->src/main/AndroidManifest.xml:34:9-45
73        android:supportsRtl="true"
73-->src/main/AndroidManifest.xml:35:9-35
74        android:theme="@style/AppTheme" >
74-->src/main/AndroidManifest.xml:36:9-40
75        <activity
75-->src/main/AndroidManifest.xml:38:9-41:47
76            android:name="io.github.project_travel_mate.mytrips.TripImageActivity"
76-->src/main/AndroidManifest.xml:39:13-54
77            android:configChanges="orientation|screenSize"
77-->src/main/AndroidManifest.xml:40:13-59
78            android:theme="@style/AppTheme" />
78-->src/main/AndroidManifest.xml:41:13-44
79        <activity
79-->src/main/AndroidManifest.xml:42:9-59:20
80            android:name="io.github.project_travel_mate.MainActivity"
80-->src/main/AndroidManifest.xml:43:13-41
81            android:configChanges="orientation|screenSize"
81-->src/main/AndroidManifest.xml:46:13-59
82            android:label="@string/app_name"
82-->src/main/AndroidManifest.xml:44:13-45
83            android:theme="@style/AppThemeNoBar"
83-->src/main/AndroidManifest.xml:45:13-49
84            android:windowSoftInputMode="adjustResize" >
84-->src/main/AndroidManifest.xml:47:13-55
85            <intent-filter>
85-->src/main/AndroidManifest.xml:48:13-58:29
86                <action android:name="android.intent.action.VIEW" />
86-->src/main/AndroidManifest.xml:49:17-69
86-->src/main/AndroidManifest.xml:49:25-66
87
88                <category android:name="android.intent.category.DEFAULT" />
88-->src/main/AndroidManifest.xml:51:17-76
88-->src/main/AndroidManifest.xml:51:27-73
89                <category android:name="android.intent.category.BROWSABLE" />
89-->src/main/AndroidManifest.xml:52:17-78
89-->src/main/AndroidManifest.xml:52:27-75
90
91                <data android:host="project-travel-mate.github.io" />
91-->src/main/AndroidManifest.xml:54:17-70
91-->src/main/AndroidManifest.xml:54:23-67
92                <data android:scheme="https" />
92-->src/main/AndroidManifest.xml:54:17-70
92-->src/main/AndroidManifest.xml:55:23-45
93                <data android:scheme="http" />
93-->src/main/AndroidManifest.xml:54:17-70
93-->src/main/AndroidManifest.xml:55:23-45
94                <data android:pathPattern=".*" />
94-->src/main/AndroidManifest.xml:54:17-70
94-->src/main/AndroidManifest.xml:57:23-47
95            </intent-filter>
96        </activity>
97
98        <service
98-->src/main/AndroidManifest.xml:61:9-63:38
99            android:name="utils.GPSTracker"
99-->src/main/AndroidManifest.xml:62:13-44
100            android:enabled="true" />
100-->src/main/AndroidManifest.xml:63:13-35
101
102        <activity
102-->src/main/AndroidManifest.xml:65:9-68:54
103            android:name="io.github.project_travel_mate.utilities.ChecklistActivity"
103-->src/main/AndroidManifest.xml:66:13-56
104            android:label="@string/title_activity_select_city"
104-->src/main/AndroidManifest.xml:67:13-63
105            android:theme="@style/AppTheme_picker" />
105-->src/main/AndroidManifest.xml:68:13-51
106        <activity
106-->src/main/AndroidManifest.xml:69:9-72:54
107            android:name="io.github.project_travel_mate.travel.ShoppingCurrentCityActivity"
107-->src/main/AndroidManifest.xml:70:13-63
108            android:label="@string/title_activity_shopping_currentcity"
108-->src/main/AndroidManifest.xml:71:13-72
109            android:theme="@style/AppTheme_picker" />
109-->src/main/AndroidManifest.xml:72:13-51
110        <activity
110-->src/main/AndroidManifest.xml:73:9-77:54
111            android:name="io.github.project_travel_mate.travel.HotelsActivity"
111-->src/main/AndroidManifest.xml:74:13-50
112            android:configChanges="orientation|screenSize"
112-->src/main/AndroidManifest.xml:75:13-59
113            android:label="@string/title_activity_hotels"
113-->src/main/AndroidManifest.xml:76:13-58
114            android:theme="@style/AppTheme_picker" />
114-->src/main/AndroidManifest.xml:77:13-51
115        <activity
115-->src/main/AndroidManifest.xml:78:9-81:54
116            android:name="io.github.project_travel_mate.travel.MapViewRealTimeActivity"
116-->src/main/AndroidManifest.xml:79:13-59
117            android:label="@string/title_activity_map"
117-->src/main/AndroidManifest.xml:80:13-55
118            android:theme="@style/AppTheme_picker" />
118-->src/main/AndroidManifest.xml:81:13-51
119        <activity
119-->src/main/AndroidManifest.xml:82:9-95:20
120            android:name="io.github.project_travel_mate.SplashActivity"
120-->src/main/AndroidManifest.xml:83:13-43
121            android:label="@string/app_name"
121-->src/main/AndroidManifest.xml:84:13-45
122            android:theme="@style/AppThemeNoBar" >
122-->src/main/AndroidManifest.xml:85:13-49
123            <intent-filter>
123-->src/main/AndroidManifest.xml:86:13-90:29
124                <action android:name="android.intent.action.MAIN" />
124-->src/main/AndroidManifest.xml:87:17-69
124-->src/main/AndroidManifest.xml:87:25-66
125
126                <category android:name="android.intent.category.LAUNCHER" />
126-->src/main/AndroidManifest.xml:89:17-77
126-->src/main/AndroidManifest.xml:89:27-74
127            </intent-filter>
128
129            <meta-data
129-->src/main/AndroidManifest.xml:92:13-94:53
130                android:name="android.app.shortcuts"
130-->src/main/AndroidManifest.xml:93:17-53
131                android:resource="@xml/shortcuts" />
131-->src/main/AndroidManifest.xml:94:17-50
132        </activity>
133        <activity
133-->src/main/AndroidManifest.xml:96:9-99:54
134            android:name="io.github.project_travel_mate.destinations.funfacts.FunFactsActivity"
134-->src/main/AndroidManifest.xml:97:13-67
135            android:label="@string/title_activity_fun_facts"
135-->src/main/AndroidManifest.xml:98:13-61
136            android:theme="@style/AppTheme_picker" />
136-->src/main/AndroidManifest.xml:99:13-51
137        <activity android:name="io.github.project_travel_mate.utilities.ShareContactActivity" />
137-->src/main/AndroidManifest.xml:100:9-68
137-->src/main/AndroidManifest.xml:100:19-65
138        <activity
138-->src/main/AndroidManifest.xml:101:9-105:54
139            android:name="io.github.project_travel_mate.login.LoginActivity"
139-->src/main/AndroidManifest.xml:102:13-48
140            android:label="@string/title_activity_login"
140-->src/main/AndroidManifest.xml:103:13-57
141            android:theme="@style/AppThemeNoBar"
141-->src/main/AndroidManifest.xml:104:13-49
142            android:windowSoftInputMode="adjustPan" />
142-->src/main/AndroidManifest.xml:105:13-52
143        <activity
143-->src/main/AndroidManifest.xml:106:9-108:52
144            android:name="io.github.project_travel_mate.destinations.description.FinalCityInfoActivity"
144-->src/main/AndroidManifest.xml:107:13-75
145            android:theme="@style/AppThemeNoBar" />
145-->src/main/AndroidManifest.xml:108:13-49
146        <activity android:name="io.github.project_travel_mate.destinations.description.PlacesOnMapActivity" />
146-->src/main/AndroidManifest.xml:109:9-82
146-->src/main/AndroidManifest.xml:109:19-79
147        <activity android:name="io.github.project_travel_mate.mytrips.AddNewTripActivity" />
147-->src/main/AndroidManifest.xml:110:9-64
147-->src/main/AndroidManifest.xml:110:19-61
148        <activity
148-->src/main/AndroidManifest.xml:111:9-114:57
149            android:name="io.github.project_travel_mate.mytrips.MyTripInfoActivity"
149-->src/main/AndroidManifest.xml:112:13-55
150            android:theme="@style/AppThemeNoBar"
150-->src/main/AndroidManifest.xml:113:13-49
151            android:windowSoftInputMode="stateHidden" />
151-->src/main/AndroidManifest.xml:114:13-54
152        <activity android:name="io.github.project_travel_mate.destinations.description.TweetsActivity" />
152-->src/main/AndroidManifest.xml:115:9-77
152-->src/main/AndroidManifest.xml:115:19-74
153        <activity
153-->src/main/AndroidManifest.xml:116:9-119:52
154            android:name="io.github.project_travel_mate.VerifyEmailActivity"
154-->src/main/AndroidManifest.xml:117:13-48
155            android:label="@string/verify_email"
155-->src/main/AndroidManifest.xml:118:13-49
156            android:theme="@style/AppThemeNoBar" />
156-->src/main/AndroidManifest.xml:119:13-49
157
158        <provider
158-->src/main/AndroidManifest.xml:121:9-129:20
159            android:name="android.support.v4.content.FileProvider"
159-->src/main/AndroidManifest.xml:122:13-67
160            android:authorities="io.github.project_travel_mate.shareFile"
160-->src/main/AndroidManifest.xml:123:13-74
161            android:exported="false"
161-->src/main/AndroidManifest.xml:124:13-37
162            android:grantUriPermissions="true" >
162-->src/main/AndroidManifest.xml:125:13-47
163            <meta-data
163-->src/main/AndroidManifest.xml:126:13-128:58
164                android:name="android.support.FILE_PROVIDER_PATHS"
164-->src/main/AndroidManifest.xml:127:17-67
165                android:resource="@xml/provider_paths" />
165-->src/main/AndroidManifest.xml:128:17-55
166        </provider>
167
168        <activity
168-->src/main/AndroidManifest.xml:131:9-132:68
169            android:name="io.github.project_travel_mate.ProfileActivity"
169-->src/main/AndroidManifest.xml:131:19-50
170            android:configChanges="orientation|screenSize" />
170-->src/main/AndroidManifest.xml:132:19-65
171        <activity android:name="io.github.project_travel_mate.friend.FriendsProfileActivity" />
171-->src/main/AndroidManifest.xml:133:9-67
171-->src/main/AndroidManifest.xml:133:19-64
172        <activity android:name="io.github.project_travel_mate.notifications.NotificationsActivity" />
172-->src/main/AndroidManifest.xml:134:9-73
172-->src/main/AndroidManifest.xml:134:19-70
173        <activity
173-->src/main/AndroidManifest.xml:135:9-137:60
174            android:name="io.github.project_travel_mate.FullScreenImage"
174-->src/main/AndroidManifest.xml:136:13-44
175            android:theme="@style/FullProfileImageTheme" />
175-->src/main/AndroidManifest.xml:137:13-57
176        <activity android:name="io.github.project_travel_mate.utilities.WeatherForecastActivity" />
176-->src/main/AndroidManifest.xml:138:9-71
176-->src/main/AndroidManifest.xml:138:19-68
177        <activity android:name="io.github.project_travel_mate.utilities.CompassActivity" />
177-->src/main/AndroidManifest.xml:139:9-63
177-->src/main/AndroidManifest.xml:139:19-60
178        <activity android:name="io.github.project_travel_mate.utilities.CurrencyActivity" />
178-->src/main/AndroidManifest.xml:140:9-64
178-->src/main/AndroidManifest.xml:140:19-61
179        <activity android:name="io.github.project_travel_mate.utilities.WorldClockActivity" />
179-->src/main/AndroidManifest.xml:141:9-66
179-->src/main/AndroidManifest.xml:141:19-63
180        <activity android:name="io.github.project_travel_mate.utilities.CurrencyListViewActivity" />
180-->src/main/AndroidManifest.xml:142:9-72
180-->src/main/AndroidManifest.xml:142:19-69
181        <activity android:name="io.github.project_travel_mate.utilities.TimezoneListViewActivity" />
181-->src/main/AndroidManifest.xml:143:9-72
181-->src/main/AndroidManifest.xml:143:19-69
182        <activity android:name="io.github.project_travel_mate.destinations.description.WeatherActivity" />
182-->src/main/AndroidManifest.xml:144:9-78
182-->src/main/AndroidManifest.xml:144:19-75
183        <activity android:name="io.github.project_travel_mate.utilities.UpcomingWeekendsActivity" />
183-->src/main/AndroidManifest.xml:145:9-72
183-->src/main/AndroidManifest.xml:145:19-69
184        <activity android:name="io.github.project_travel_mate.destinations.description.CityHistoryActivity" />
184-->src/main/AndroidManifest.xml:146:9-82
184-->src/main/AndroidManifest.xml:146:19-79
185        <activity android:name="io.github.project_travel_mate.destinations.description.CityMapActivity" />
185-->src/main/AndroidManifest.xml:147:9-78
185-->src/main/AndroidManifest.xml:147:19-75
186        <activity android:name="io.github.project_travel_mate.travel.ListViewRealTimeActivity" />
186-->src/main/AndroidManifest.xml:148:9-69
186-->src/main/AndroidManifest.xml:148:19-66
187        <activity android:name="io.github.project_travel_mate.destinations.description.RestaurantsActivity" />
187-->src/main/AndroidManifest.xml:149:9-82
187-->src/main/AndroidManifest.xml:149:19-79
188        <activity android:name="io.github.project_travel_mate.destinations.description.TweetsDescriptionActivity" />
188-->src/main/AndroidManifest.xml:150:9-88
188-->src/main/AndroidManifest.xml:150:19-85
189        <activity android:name="com.theartofdev.edmodo.cropper.CropImageActivity" />
189-->src/main/AndroidManifest.xml:151:9-85
189-->src/main/AndroidManifest.xml:151:19-82
190        <activity
190-->src/main/AndroidManifest.xml:152:9-154:11
191            android:name="io.github.project_travel_mate.utilities.QuotesActivity"
191-->src/main/AndroidManifest.xml:152:19-59
192            android:theme="@style/Theme.AppCompat.NoActionBar" />
192-->src/main/AndroidManifest.xml:153:13-63
193        <activity
193-->src/main/AndroidManifest.xml:155:9-165:20
194            android:name="io.github.project_travel_mate.DeleteProfilePictureActivity"
194-->src/main/AndroidManifest.xml:156:13-57
195            android:icon="@drawable/ic_delete_round"
195-->src/main/AndroidManifest.xml:157:13-53
196            android:label="@string/remove_photo"
196-->src/main/AndroidManifest.xml:158:13-49
197            android:theme="@android:style/Theme.NoDisplay" >
197-->src/main/AndroidManifest.xml:159:13-59
198            <intent-filter>
198-->src/main/AndroidManifest.xml:160:13-164:29
199                <action android:name="android.intent.action.DELETE" />
199-->src/main/AndroidManifest.xml:161:17-71
199-->src/main/AndroidManifest.xml:161:25-68
200
201                <category android:name="android.intent.category.DEFAULT" />
201-->src/main/AndroidManifest.xml:51:17-76
201-->src/main/AndroidManifest.xml:51:27-73
202            </intent-filter>
203        </activity>
204        <activity
204-->src/main/AndroidManifest.xml:166:9-168:52
205            android:name="io.github.project_travel_mate.destinations.description.RestaurantDetailsActivity"
205-->src/main/AndroidManifest.xml:167:13-79
206            android:theme="@style/AppThemeNoBar" />
206-->src/main/AndroidManifest.xml:168:13-49
207
208        <receiver android:name="widget.CheckListWidgetProvider" >
208-->src/main/AndroidManifest.xml:170:9-180:20
208-->src/main/AndroidManifest.xml:170:19-64
209            <intent-filter>
209-->src/main/AndroidManifest.xml:171:13-175:29
210
211                <!-- This widget provider receives broadcast with following action name or simply onUpdate of AppWidgetProvider is called -->
212                <action android:name="android.appwidget.action.APPWIDGET_UPDATE" />
212-->src/main/AndroidManifest.xml:174:17-84
212-->src/main/AndroidManifest.xml:174:25-81
213            </intent-filter>
214            <!-- linking up xml file of appwidget-provider to AppWidgetProvider -->
215            <meta-data
215-->src/main/AndroidManifest.xml:177:13-179:65
216                android:name="android.appwidget.provider"
216-->src/main/AndroidManifest.xml:178:17-58
217                android:resource="@xml/checklist_widget_info" />
217-->src/main/AndroidManifest.xml:179:17-62
218        </receiver>
219
220        <service
220-->src/main/AndroidManifest.xml:182:9-184:72
221            android:name="widget.CheckListWidgetService"
221-->src/main/AndroidManifest.xml:183:13-57
222            android:permission="android.permission.BIND_REMOTEVIEWS" />
222-->src/main/AndroidManifest.xml:184:13-69
223
224        <meta-data
224-->src/main/AndroidManifest.xml:186:9-188:57
225            android:name="preloaded_fonts"
225-->src/main/AndroidManifest.xml:187:13-43
226            android:resource="@array/preloaded_fonts" />
226-->src/main/AndroidManifest.xml:188:13-54
227
228        <receiver android:name="widget.ClockWidget" >
228-->src/main/AndroidManifest.xml:190:9-198:20
228-->src/main/AndroidManifest.xml:190:19-52
229            <intent-filter>
229-->src/main/AndroidManifest.xml:171:13-175:29
230                <action android:name="android.appwidget.action.APPWIDGET_UPDATE" />
230-->src/main/AndroidManifest.xml:174:17-84
230-->src/main/AndroidManifest.xml:174:25-81
231            </intent-filter>
232
233            <meta-data
233-->src/main/AndroidManifest.xml:177:13-179:65
234                android:name="android.appwidget.provider"
234-->src/main/AndroidManifest.xml:178:17-58
235                android:resource="@xml/clock_widget_info" />
235-->src/main/AndroidManifest.xml:179:17-62
236        </receiver>
237
238        <activity android:name="widget.ClockWidgetConfigureActivity" >
238-->src/main/AndroidManifest.xml:200:9-204:20
238-->src/main/AndroidManifest.xml:200:19-69
239            <intent-filter>
239-->src/main/AndroidManifest.xml:201:13-203:29
240                <action android:name="android.appwidget.action.APPWIDGET_CONFIGURE" />
240-->src/main/AndroidManifest.xml:202:17-87
240-->src/main/AndroidManifest.xml:202:25-84
241            </intent-filter>
242        </activity>
243        <activity
243-->[com.journeyapps:zxing-android-embedded:3.4.0] AndroidManifest.xml:46:9-52:63
244            android:name="com.journeyapps.barcodescanner.CaptureActivity"
244-->[com.journeyapps:zxing-android-embedded:3.4.0] AndroidManifest.xml:47:13-74
245            android:clearTaskOnLaunch="true"
245-->[com.journeyapps:zxing-android-embedded:3.4.0] AndroidManifest.xml:48:13-45
246            android:screenOrientation="sensorLandscape"
246-->[com.journeyapps:zxing-android-embedded:3.4.0] AndroidManifest.xml:49:13-56
247            android:stateNotNeeded="true"
247-->[com.journeyapps:zxing-android-embedded:3.4.0] AndroidManifest.xml:50:13-42
248            android:theme="@style/zxing_CaptureTheme"
248-->[com.journeyapps:zxing-android-embedded:3.4.0] AndroidManifest.xml:51:13-54
249            android:windowSoftInputMode="stateAlwaysHidden" />
249-->[com.journeyapps:zxing-android-embedded:3.4.0] AndroidManifest.xml:52:13-60
250
251        <provider
251-->[android.arch.lifecycle:extensions:1.1.0] AndroidManifest.xml:23:9-27:43
252            android:name="android.arch.lifecycle.ProcessLifecycleOwnerInitializer"
252-->[android.arch.lifecycle:extensions:1.1.0] AndroidManifest.xml:24:13-83
253            android:authorities="io.github.project_travel_mate.lifecycle-trojan"
253-->[android.arch.lifecycle:extensions:1.1.0] AndroidManifest.xml:25:13-68
254            android:exported="false"
254-->[android.arch.lifecycle:extensions:1.1.0] AndroidManifest.xml:26:13-37
255            android:multiprocess="true" />
255-->[android.arch.lifecycle:extensions:1.1.0] AndroidManifest.xml:27:13-40
256
257        <service
257-->[com.evernote:android-job:1.2.1] AndroidManifest.xml:17:9-20:72
258            android:name="com.evernote.android.job.v21.PlatformJobService"
258-->[com.evernote:android-job:1.2.1] AndroidManifest.xml:18:13-75
259            android:exported="false"
259-->[com.evernote:android-job:1.2.1] AndroidManifest.xml:19:13-37
260            android:permission="android.permission.BIND_JOB_SERVICE" />
260-->[com.evernote:android-job:1.2.1] AndroidManifest.xml:20:13-69
261        <service
261-->[com.evernote:android-job:1.2.1] AndroidManifest.xml:21:9-24:72
262            android:name="com.evernote.android.job.v14.PlatformAlarmService"
262-->[com.evernote:android-job:1.2.1] AndroidManifest.xml:22:13-77
263            android:exported="false"
263-->[com.evernote:android-job:1.2.1] AndroidManifest.xml:23:13-37
264            android:permission="android.permission.BIND_JOB_SERVICE" />
264-->[com.evernote:android-job:1.2.1] AndroidManifest.xml:24:13-69
265        <service
265-->[com.evernote:android-job:1.2.1] AndroidManifest.xml:25:9-27:40
266            android:name="com.evernote.android.job.v14.PlatformAlarmServiceExact"
266-->[com.evernote:android-job:1.2.1] AndroidManifest.xml:26:13-82
267            android:exported="false" />
267-->[com.evernote:android-job:1.2.1] AndroidManifest.xml:27:13-37
268
269        <receiver
269-->[com.evernote:android-job:1.2.1] AndroidManifest.xml:29:9-38:20
270            android:name="com.evernote.android.job.v14.PlatformAlarmReceiver"
270-->[com.evernote:android-job:1.2.1] AndroidManifest.xml:30:13-78
271            android:exported="false" >
271-->[com.evernote:android-job:1.2.1] AndroidManifest.xml:31:13-37
272            <intent-filter>
272-->[com.evernote:android-job:1.2.1] AndroidManifest.xml:32:13-37:29
273
274                <!-- Keep the filter for legacy intents -->
275                <action android:name="com.evernote.android.job.v14.RUN_JOB" />
275-->[com.evernote:android-job:1.2.1] AndroidManifest.xml:35:17-79
275-->[com.evernote:android-job:1.2.1] AndroidManifest.xml:35:25-76
276                <action android:name="net.vrallev.android.job.v14.RUN_JOB" />
276-->[com.evernote:android-job:1.2.1] AndroidManifest.xml:36:17-78
276-->[com.evernote:android-job:1.2.1] AndroidManifest.xml:36:25-75
277            </intent-filter>
278        </receiver>
279        <receiver
279-->[com.evernote:android-job:1.2.1] AndroidManifest.xml:39:9-48:20
280            android:name="com.evernote.android.job.JobBootReceiver"
280-->[com.evernote:android-job:1.2.1] AndroidManifest.xml:40:13-68
281            android:exported="false" >
281-->[com.evernote:android-job:1.2.1] AndroidManifest.xml:41:13-37
282            <intent-filter>
282-->[com.evernote:android-job:1.2.1] AndroidManifest.xml:42:13-47:29
283                <action android:name="android.intent.action.BOOT_COMPLETED" />
283-->[com.evernote:android-job:1.2.1] AndroidManifest.xml:43:17-79
283-->[com.evernote:android-job:1.2.1] AndroidManifest.xml:43:25-76
284                <action android:name="android.intent.action.QUICKBOOT_POWERON" />
284-->[com.evernote:android-job:1.2.1] AndroidManifest.xml:44:17-82
284-->[com.evernote:android-job:1.2.1] AndroidManifest.xml:44:25-79
285                <action android:name="com.htc.intent.action.QUICKBOOT_POWERON" />
285-->[com.evernote:android-job:1.2.1] AndroidManifest.xml:45:17-82
285-->[com.evernote:android-job:1.2.1] AndroidManifest.xml:45:25-79
286                <action android:name="android.intent.action.MY_PACKAGE_REPLACED" />
286-->[com.evernote:android-job:1.2.1] AndroidManifest.xml:46:17-84
286-->[com.evernote:android-job:1.2.1] AndroidManifest.xml:46:25-81
287            </intent-filter>
288        </receiver>
289
290        <service
290-->[com.evernote:android-job:1.2.1] AndroidManifest.xml:50:9-58:19
291            android:name="com.evernote.android.job.gcm.PlatformGcmService"
291-->[com.evernote:android-job:1.2.1] AndroidManifest.xml:51:13-75
292            android:enabled="false"